# JRE version: OpenJDK Runtime Environment (8.0_212-b03) (build 1.8.0_212-8u212-b03-0ubuntu1.16.04.1-b03)
# Java VM: OpenJDK 64-Bit Server VM (25.212-b03 mixed mode linux-amd64 compressed oops)
Heap:
 PSYoungGen      total 284672K, used 0K [0x00000000eab00000, 0x00000000ffd00000, 0x0000000100000000)
  eden space 220160K, 0% used [0x00000000eab00000,0x00000000eab00000,0x00000000f8200000)
  from space 64512K, 0% used [0x00000000f8200000,0x00000000f8200000,0x00000000fc100000)
  to   space 60416K, 0% used [0x00000000fc200000,0x00000000fc200000,0x00000000ffd00000)
 ParOldGen       total 208384K, used 202916K [0x00000000c0000000, 0x00000000ccb80000, 0x00000000eab00000)
  object space 208384K, 97% used [0x00000000c0000000,0x00000000cc629378,0x00000000ccb80000)
 Metaspace       used 3529K, capacity 4856K, committed 5120K, reserved 1056768K
  class space    used 340K, capacity 424K, committed 512K, reserved 1048576K
GC Heap History (10 events):
Event: 14.125 GC heap after
Heap after GC invocations=12 (full 2):
 PSYoungGen      total 277504K, used 36832K [0x00000000eab00000, 0x0000000100000000, 0x0000000100000000)
  eden space 240640K, 0% used [0x00000000eab00000,0x00000000eab00000,0x00000000f9600000)
  from space 36864K, 99% used [0x00000000fc100000,0x00000000fe4f8010,0x00000000fe500000)
  to   space 44032K, 0% used [0x00000000f9600000,0x00000000f9600000,0x00000000fc100000)
 ParOldGen       total 132608K, used 82411K [0x00000000c0000000, 0x00000000c8180000, 0x00000000eab00000)
  object space 132608K, 62% used [0x00000000c0000000,0x00000000c507aec0,0x00000000c8180000)
 Metaspace       used 3481K, capacity 4792K, committed 5120K, reserved 1056768K
  class space    used 339K, capacity 424K, committed 512K, reserved 1048576K
}
Event: 15.194 GC heap before
{Heap before GC invocations=13 (full 2):
 PSYoungGen      total 277504K, used 277472K [0x00000000eab00000, 0x0000000100000000, 0x0000000100000000)
  eden space 240640K, 100% used [0x00000000eab00000,0x00000000f9600000,0x00000000f9600000)
  from space 36864K, 99% used [0x00000000fc100000,0x00000000fe4f8010,0x00000000fe500000)
  to   space 44032K, 0% used [0x00000000f9600000,0x00000000f9600000,0x00000000fc100000)
 ParOldGen       total 132608K, used 82411K [0x00000000c0000000, 0x00000000c8180000, 0x00000000eab00000)
  object space 132608K, 62% used [0x00000000c0000000,0x00000000c507aec0,0x00000000c8180000)
 Metaspace       used 3514K, capacity 4856K, committed 5120K, reserved 1056768K
  class space    used 340K, capacity 424K, committed 512K, reserved 1048576K
Event: 16.037 GC heap after
Heap after GC invocations=13 (full 2):
 PSYoungGen      total 284672K, used 44000K [0x00000000eab00000, 0x0000000100000000, 0x0000000100000000)
  eden space 240640K, 0% used [0x00000000eab00000,0x00000000eab00000,0x00000000f9600000)
  from space 44032K, 99% used [0x00000000f9600000,0x00000000fc0f8010,0x00000000fc100000)
  to   space 59392K, 0% used [0x00000000fc600000,0x00000000fc600000,0x0000000100000000)
 ParOldGen       total 132608K, used 104931K [0x00000000c0000000, 0x00000000c8180000, 0x00000000eab00000)
  object space 132608K, 79% used [0x00000000c0000000,0x00000000c6678ec0,0x00000000c8180000)
 Metaspace       used 3514K, capacity 4856K, committed 5120K, reserved 1056768K
  class space    used 340K, capacity 424K, committed 512K, reserved 1048576K
}
Event: 16.429 GC heap before
{Heap before GC invocations=14 (full 2):
 PSYoungGen      total 284672K, used 284640K [0x00000000eab00000, 0x0000000100000000, 0x0000000100000000)
  eden space 240640K, 100% used [0x00000000eab00000,0x00000000f9600000,0x00000000f9600000)
  from space 44032K, 99% used [0x00000000f9600000,0x00000000fc0f8010,0x00000000fc100000)
  to   space 59392K, 0% used [0x00000000fc600000,0x00000000fc600000,0x0000000100000000)
 ParOldGen       total 132608K, used 104931K [0x00000000c0000000, 0x00000000c8180000, 0x00000000eab00000)
  object space 132608K, 79% used [0x00000000c0000000,0x00000000c6678ec0,0x00000000c8180000)
 Metaspace       used 3514K, capacity 4856K, committed 5120K, reserved 1056768K
  class space    used 340K, capacity 424K, committed 512K, reserved 1048576K
Event: 18.182 GC heap after
Heap after GC invocations=14 (full 2):
 PSYoungGen      total 279552K, used 45760K [0x00000000eab00000, 0x0000000100000000, 0x0000000100000000)
  eden space 220160K, 0% used [0x00000000eab00000,0x00000000eab00000,0x00000000f8200000)
  from space 59392K, 77% used [0x00000000fc600000,0x00000000ff2b0000,0x0000000100000000)
  to   space 64512K, 0% used [0x00000000f8200000,0x00000000f8200000,0x00000000fc100000)
 ParOldGen       total 135168K, used 133331K [0x00000000c0000000, 0x00000000c8400000, 0x00000000eab00000)
  object space 135168K, 98% used [0x00000000c0000000,0x00000000c8234ed0,0x00000000c8400000)
 Metaspace       used 3514K, capacity 4856K, committed 5120K, reserved 1056768K
  class space    used 340K, capacity 424K, committed 512K, reserved 1048576K
}
Event: 18.400 GC heap before
{Heap before GC invocations=15 (full 3):
 PSYoungGen      total 279552K, used 45760K [0x00000000eab00000, 0x0000000100000000, 0x0000000100000000)
  eden space 220160K, 0% used [0x00000000eab00000,0x00000000eab00000,0x00000000f8200000)
  from space 59392K, 77% used [0x00000000fc600000,0x00000000ff2b0000,0x0000000100000000)
  to   space 64512K, 0% used [0x00000000f8200000,0x00000000f8200000,0x00000000fc100000)
 ParOldGen       total 135168K, used 133331K [0x00000000c0000000, 0x00000000c8400000, 0x00000000eab00000)
  object space 135168K, 98% used [0x00000000c0000000,0x00000000c8234ed0,0x00000000c8400000)
 Metaspace       used 3514K, capacity 4856K, committed 5120K, reserved 1056768K
  class space    used 340K, capacity 424K, committed 512K, reserved 1048576K
Event: 20.216 GC heap after
Heap after GC invocations=15 (full 3):
 PSYoungGen      total 279552K, used 43599K [0x00000000eab00000, 0x0000000100000000, 0x0000000100000000)
  eden space 220160K, 0% used [0x00000000eab00000,0x00000000eab00000,0x00000000f8200000)
  from space 59392K, 73% used [0x00000000fc600000,0x00000000ff093e50,0x0000000100000000)
  to   space 64512K, 0% used [0x00000000f8200000,0x00000000f8200000,0x00000000fc100000)
 ParOldGen       total 208384K, used 135065K [0x00000000c0000000, 0x00000000ccb80000, 0x00000000eab00000)
  object space 208384K, 64% used [0x00000000c0000000,0x00000000c83e6738,0x00000000ccb80000)
 Metaspace       used 3514K, capacity 4856K, committed 5120K, reserved 1056768K
  class space    used 340K, capacity 424K, committed 512K, reserved 1048576K
}
Event: 20.913 GC heap before
{Heap before GC invocations=16 (full 3):
 PSYoungGen      total 279552K, used 263759K [0x00000000eab00000, 0x0000000100000000, 0x0000000100000000)
  eden space 220160K, 100% used [0x00000000eab00000,0x00000000f8200000,0x00000000f8200000)
  from space 59392K, 73% used [0x00000000fc600000,0x00000000ff093e50,0x0000000100000000)
  to   space 64512K, 0% used [0x00000000f8200000,0x00000000f8200000,0x00000000fc100000)
 ParOldGen       total 208384K, used 135065K [0x00000000c0000000, 0x00000000ccb80000, 0x00000000eab00000)
  object space 208384K, 64% used [0x00000000c0000000,0x00000000c83e6738,0x00000000ccb80000)
 Metaspace       used 3529K, capacity 4856K, committed 5120K, reserved 1056768K
  class space    used 340K, capacity 424K, committed 512K, reserved 1048576K
Event: 21.657 GC heap after
Heap after GC invocations=16 (full 3):
 PSYoungGen      total 284672K, used 24368K [0x00000000eab00000, 0x00000000ffd00000, 0x0000000100000000)
  eden space 220160K, 0% used [0x00000000eab00000,0x00000000eab00000,0x00000000f8200000)
  from space 64512K, 37% used [0x00000000f8200000,0x00000000f99cc020,0x00000000fc100000)
  to   space 60416K, 0% used [0x00000000fc200000,0x00000000fc200000,0x00000000ffd00000)
 ParOldGen       total 208384K, used 178833K [0x00000000c0000000, 0x00000000ccb80000, 0x00000000eab00000)
  object space 208384K, 85% used [0x00000000c0000000,0x00000000caea4738,0x00000000ccb80000)
 Metaspace       used 3529K, capacity 4856K, committed 5120K, reserved 1056768K
  class space    used 340K, capacity 424K, committed 512K, reserved 1048576K
}
Event: 21.657 GC heap before
{Heap before GC invocations=17 (full 4):
 PSYoungGen      total 284672K, used 24368K [0x00000000eab00000, 0x00000000ffd00000, 0x0000000100000000)
  eden space 220160K, 0% used [0x00000000eab00000,0x00000000eab00000,0x00000000f8200000)
  from space 64512K, 37% used [0x00000000f8200000,0x00000000f99cc020,0x00000000fc100000)
  to   space 60416K, 0% used [0x00000000fc200000,0x00000000fc200000,0x00000000ffd00000)
 ParOldGen       total 208384K, used 178833K [0x00000000c0000000, 0x00000000ccb80000, 0x00000000eab00000)
  object space 208384K, 85% used [0x00000000c0000000,0x00000000caea4738,0x00000000ccb80000)
 Metaspace       used 3529K, capacity 4856K, committed 5120K, reserved 1056768K
  class space    used 340K, capacity 424K, committed 512K, reserved 1048576K

