# JRE version: OpenJDK Runtime Environment (8.0_212-b03) (build 1.8.0_212-8u212-b03-0ubuntu1.16.04.1-b03)
# Java VM: OpenJDK 64-Bit Server VM (25.212-b03 mixed mode linux-amd64 compressed oops)
Heap:
 PSYoungGen      total 232960K, used 59524K [0x00000000eab00000, 0x0000000100000000, 0x0000000100000000)
  eden space 116736K, 0% used [0x00000000eab00000,0x00000000eab00000,0x00000000f1d00000)
  from space 116224K, 51% used [0x00000000f8e80000,0x00000000fc8a1160,0x0000000100000000)
  to   space 116224K, 0% used [0x00000000f1d00000,0x00000000f1d00000,0x00000000f8e80000)
 ParOldGen       total 330240K, used 330083K [0x00000000c0000000, 0x00000000d4280000, 0x00000000eab00000)
  object space 330240K, 99% used [0x00000000c0000000,0x00000000d4258d10,0x00000000d4280000)
 Metaspace       used 12656K, capacity 13264K, committed 13568K, reserved 1060864K
  class space    used 1871K, capacity 1975K, committed 2048K, reserved 1048576K
GC Heap History (10 events):
Event: 21.992 GC heap after
Heap after GC invocations=32 (full 4):
 PSYoungGen      total 247296K, used 72717K [0x00000000eab00000, 0x0000000100000000, 0x0000000100000000)
  eden space 154624K, 0% used [0x00000000eab00000,0x00000000eab00000,0x00000000f4200000)
  from space 92672K, 78% used [0x00000000fa480000,0x00000000feb837a8,0x00000000fff00000)
  to   space 97280K, 0% used [0x00000000f4200000,0x00000000f4200000,0x00000000fa100000)
 ParOldGen       total 330240K, used 269557K [0x00000000c0000000, 0x00000000d4280000, 0x00000000eab00000)
  object space 330240K, 81% used [0x00000000c0000000,0x00000000d073d6d8,0x00000000d4280000)
 Metaspace       used 10853K, capacity 11280K, committed 11392K, reserved 1058816K
  class space    used 1528K, capacity 1629K, committed 1664K, reserved 1048576K
}
Event: 22.630 GC heap before
{Heap before GC invocations=33 (full 4):
 PSYoungGen      total 247296K, used 227341K [0x00000000eab00000, 0x0000000100000000, 0x0000000100000000)
  eden space 154624K, 100% used [0x00000000eab00000,0x00000000f4200000,0x00000000f4200000)
  from space 92672K, 78% used [0x00000000fa480000,0x00000000feb837a8,0x00000000fff00000)
  to   space 97280K, 0% used [0x00000000f4200000,0x00000000f4200000,0x00000000fa100000)
 ParOldGen       total 330240K, used 269557K [0x00000000c0000000, 0x00000000d4280000, 0x00000000eab00000)
  object space 330240K, 81% used [0x00000000c0000000,0x00000000d073d6d8,0x00000000d4280000)
 Metaspace       used 11014K, capacity 11466K, committed 11776K, reserved 1058816K
  class space    used 1568K, capacity 1667K, committed 1792K, reserved 1048576K
Event: 22.822 GC heap after
Heap after GC invocations=33 (full 4):
 PSYoungGen      total 236544K, used 81915K [0x00000000eab00000, 0x0000000100000000, 0x0000000100000000)
  eden space 154624K, 0% used [0x00000000eab00000,0x00000000eab00000,0x00000000f4200000)
  from space 81920K, 99% used [0x00000000f4200000,0x00000000f91fed50,0x00000000f9200000)
  to   space 103936K, 0% used [0x00000000f9a80000,0x00000000f9a80000,0x0000000100000000)
 ParOldGen       total 330240K, used 269565K [0x00000000c0000000, 0x00000000d4280000, 0x00000000eab00000)
  object space 330240K, 81% used [0x00000000c0000000,0x00000000d073f6d8,0x00000000d4280000)
 Metaspace       used 11014K, capacity 11466K, committed 11776K, reserved 1058816K
  class space    used 1568K, capacity 1667K, committed 1792K, reserved 1048576K
}
Event: 25.958 GC heap before
{Heap before GC invocations=34 (full 4):
 PSYoungGen      total 236544K, used 236539K [0x00000000eab00000, 0x0000000100000000, 0x0000000100000000)
  eden space 154624K, 100% used [0x00000000eab00000,0x00000000f4200000,0x00000000f4200000)
  from space 81920K, 99% used [0x00000000f4200000,0x00000000f91fed50,0x00000000f9200000)
  to   space 103936K, 0% used [0x00000000f9a80000,0x00000000f9a80000,0x0000000100000000)
 ParOldGen       total 330240K, used 269565K [0x00000000c0000000, 0x00000000d4280000, 0x00000000eab00000)
  object space 330240K, 81% used [0x00000000c0000000,0x00000000d073f6d8,0x00000000d4280000)
 Metaspace       used 12564K, capacity 13160K, committed 13312K, reserved 1060864K
  class space    used 1829K, capacity 1940K, committed 2048K, reserved 1048576K
Event: 26.158 GC heap after
Heap after GC invocations=34 (full 4):
 PSYoungGen      total 221696K, used 98971K [0x00000000eab00000, 0x0000000100000000, 0x0000000100000000)
  eden space 117760K, 0% used [0x00000000eab00000,0x00000000eab00000,0x00000000f1e00000)
  from space 103936K, 95% used [0x00000000f9a80000,0x00000000ffb26f78,0x0000000100000000)
  to   space 115712K, 0% used [0x00000000f1e00000,0x00000000f1e00000,0x00000000f8f00000)
 ParOldGen       total 330240K, used 269573K [0x00000000c0000000, 0x00000000d4280000, 0x00000000eab00000)
  object space 330240K, 81% used [0x00000000c0000000,0x00000000d07416d8,0x00000000d4280000)
 Metaspace       used 12564K, capacity 13160K, committed 13312K, reserved 1060864K
  class space    used 1829K, capacity 1940K, committed 2048K, reserved 1048576K
}
Event: 26.603 GC heap before
{Heap before GC invocations=35 (full 4):
 PSYoungGen      total 221696K, used 216731K [0x00000000eab00000, 0x0000000100000000, 0x0000000100000000)
  eden space 117760K, 100% used [0x00000000eab00000,0x00000000f1e00000,0x00000000f1e00000)
  from space 103936K, 95% used [0x00000000f9a80000,0x00000000ffb26f78,0x0000000100000000)
  to   space 115712K, 0% used [0x00000000f1e00000,0x00000000f1e00000,0x00000000f8f00000)
 ParOldGen       total 330240K, used 269573K [0x00000000c0000000, 0x00000000d4280000, 0x00000000eab00000)
  object space 330240K, 81% used [0x00000000c0000000,0x00000000d07416d8,0x00000000d4280000)
 Metaspace       used 12655K, capacity 13264K, committed 13568K, reserved 1060864K
  class space    used 1871K, capacity 1975K, committed 2048K, reserved 1048576K
Event: 26.830 GC heap after
Heap after GC invocations=35 (full 4):
 PSYoungGen      total 225792K, used 107533K [0x00000000eab00000, 0x0000000100000000, 0x0000000100000000)
  eden space 117760K, 0% used [0x00000000eab00000,0x00000000eab00000,0x00000000f1e00000)
  from space 108032K, 99% used [0x00000000f1e00000,0x00000000f8703618,0x00000000f8780000)
  to   space 116224K, 0% used [0x00000000f8e80000,0x00000000f8e80000,0x0000000100000000)
 ParOldGen       total 330240K, used 269581K [0x00000000c0000000, 0x00000000d4280000, 0x00000000eab00000)
  object space 330240K, 81% used [0x00000000c0000000,0x00000000d07436d8,0x00000000d4280000)
 Metaspace       used 12655K, capacity 13264K, committed 13568K, reserved 1060864K
  class space    used 1871K, capacity 1975K, committed 2048K, reserved 1048576K
}
Event: 27.187 GC heap before
{Heap before GC invocations=36 (full 4):
 PSYoungGen      total 225792K, used 225293K [0x00000000eab00000, 0x0000000100000000, 0x0000000100000000)
  eden space 117760K, 100% used [0x00000000eab00000,0x00000000f1e00000,0x00000000f1e00000)
  from space 108032K, 99% used [0x00000000f1e00000,0x00000000f8703618,0x00000000f8780000)
  to   space 116224K, 0% used [0x00000000f8e80000,0x00000000f8e80000,0x0000000100000000)
 ParOldGen       total 330240K, used 269581K [0x00000000c0000000, 0x00000000d4280000, 0x00000000eab00000)
  object space 330240K, 81% used [0x00000000c0000000,0x00000000d07436d8,0x00000000d4280000)
 Metaspace       used 12656K, capacity 13264K, committed 13568K, reserved 1060864K
  class space    used 1871K, capacity 1975K, committed 2048K, reserved 1048576K
Event: 27.455 GC heap after
Heap after GC invocations=36 (full 4):
 PSYoungGen      total 232960K, used 77065K [0x00000000eab00000, 0x0000000100000000, 0x0000000100000000)
  eden space 116736K, 0% used [0x00000000eab00000,0x00000000eab00000,0x00000000f1d00000)
  from space 116224K, 66% used [0x00000000f8e80000,0x00000000fd9c2408,0x0000000100000000)
  to   space 116224K, 0% used [0x00000000f1d00000,0x00000000f1d00000,0x00000000f8e80000)
 ParOldGen       total 330240K, used 313317K [0x00000000c0000000, 0x00000000d4280000, 0x00000000eab00000)
  object space 330240K, 94% used [0x00000000c0000000,0x00000000d31f96d8,0x00000000d4280000)
 Metaspace       used 12656K, capacity 13264K, committed 13568K, reserved 1060864K
  class space    used 1871K, capacity 1975K, committed 2048K, reserved 1048576K
}
Event: 27.455 GC heap before
{Heap before GC invocations=37 (full 5):
 PSYoungGen      total 232960K, used 77065K [0x00000000eab00000, 0x0000000100000000, 0x0000000100000000)
  eden space 116736K, 0% used [0x00000000eab00000,0x00000000eab00000,0x00000000f1d00000)
  from space 116224K, 66% used [0x00000000f8e80000,0x00000000fd9c2408,0x0000000100000000)
  to   space 116224K, 0% used [0x00000000f1d00000,0x00000000f1d00000,0x00000000f8e80000)
 ParOldGen       total 330240K, used 313317K [0x00000000c0000000, 0x00000000d4280000, 0x00000000eab00000)
  object space 330240K, 94% used [0x00000000c0000000,0x00000000d31f96d8,0x00000000d4280000)
 Metaspace       used 12656K, capacity 13264K, committed 13568K, reserved 1060864K
  class space    used 1871K, capacity 1975K, committed 2048K, reserved 1048576K

